<?xml version="1.0" encoding="UTF-8"?>
<!-- Generated by org.testng.reporters.JUnitXMLReporter -->
<testsuite ignored="0" hostname="DESKTOP-JIL93TC" failures="1" tests="17" name="TestsOnChrome" time="416.906" errors="0" timestamp="2022-06-14T17:40:02 IDT">
  <testcase classname="tests.AccountTests" name="CreatAcoountErrorMessages" time="6.037"/>
  <testcase classname="tests.AccountTests" name="CrudTestPersonalDetails" time="15.569"/>
  <testcase classname="tests.AccountTests" name="LogInwithFacebookToLupa" time="15.779"/>
  <testcase classname="tests.ButiqSparimTests" name="checkingIfLikeButtonsAreWorking" time="26.602"/>
  <testcase classname="tests.ButiqSparimTests" name="rightAmuontOfBooksInEachCategory" time="65.444"/>
  <testcase classname="tests.E2ETests" name="editPics" time="6.29"/>
  <testcase classname="tests.FormsTests" name="errorMessagesContactMeForm" time="5.662"/>
  <testcase classname="tests.FormsTests" name="errorMessagesLetTalkAboutItForm" time="7.118"/>
  <testcase classname="tests.FormsTests" name="errorMessagesOnFormSendEmail" time="6.147"/>
  <testcase classname="tests.FormsTests" name="followOrderFormErrorMessages" time="8.288"/>
  <testcase classname="tests.LinksTests" name="LinksTestsOnMenuAlbumTmonot" time="69.947">
    <failure type="java.lang.AssertionError" message="expected [https://www.lupa.co.il/products/layflat/#spu-6651] but found [https://www.lupa.co.il/products/layflat/]">
      <![CDATA[java.lang.AssertionError: expected [https://www.lupa.co.il/products/layflat/#spu-6651] but found [https://www.lupa.co.il/products/layflat/]
at tools.LinksFunctions.CheckingIfTheTestGotToTheRightURLs(LinksFunctions.java:26)
at tests.LinksTests.LinksTestsOnMenuAlbumTmonot(LinksTests.java:75)
at java.base/java.util.ArrayList.forEach(ArrayList.java:1540)
... Removed 32 stack frames]]>
    </failure>
  </testcase> <!-- LinksTestsOnMenuAlbumTmonot -->
  <testcase classname="tests.LinksTests" name="LinksTetsMenuBottomOfThePage" time="58.827"/>
  <testcase classname="tests.PriceTableTests" name="CheckingTheAmountOfPagesBasedOnAmountOfClicks" time="15.648"/>
  <testcase classname="tests.PriceTableTests" name="checkingTheInfoOfTheTable" time="12.104"/>
  <testcase classname="tests.UXTestsMainPage" name="UXTestLupaLogo" time="0.577"/>
  <testcase classname="tests.UXTestsMainPage" name="UXTestOn2LinksFontAndColor" time="0.07"/>
  <testcase classname="tests.UXTestsMainPage" name="UXTestOnDiscountAd" time="0.081"/>
</testsuite> <!-- TestsOnChrome -->
