<?xml version="1.0" encoding="UTF-8"?>
<!-- Generated by org.testng.reporters.JUnitXMLReporter -->
<testsuite ignored="0" hostname="DESKTOP-JIL93TC" failures="3" tests="19" name="TestEdge" time="459.773" errors="0" timestamp="2022-05-28T21:50:59 IDT">
  <testcase classname="tests.AccountTests" name="CheckingSearchResultsFromChat" time="5.611"/>
  <testcase classname="tests.AccountTests" name="CreatAcoountErrorMessages" time="7.813"/>
  <testcase classname="tests.AccountTests" name="CrudTestPersonalDetails" time="15.365"/>
  <testcase classname="tests.AccountTests" name="LogInwithFacebookToLupa" time="16.734"/>
  <testcase classname="tests.AccountTests" name="connectToFacebookThroughChat" time="13.358"/>
  <testcase classname="tests.ButiqSparimTests" name="checkingIfLikeButtonsAreWorking" time="26.514"/>
  <testcase classname="tests.ButiqSparimTests" name="rightAmuontOfBooksInEachCategory" time="59.948"/>
  <testcase classname="tests.E2ETests" name="editPics" time="15.637">
    <failure type="org.openqa.selenium.NoSuchElementException" message="no such element: Unable to locate element: {&amp;quot;method&amp;quot;:&amp;quot;css selector&amp;quot;,&amp;quot;selector&amp;quot;:&amp;quot;#mat\-checkbox\-1\-input&amp;quot;}
  (Session info: MicrosoftEdge=101.0.1210.53)
For documentation on this error, please visit: https://selenium.dev/exceptions/#no_such_element
Build info: version: &amp;apos;4.0.0&amp;apos;, revision: &amp;apos;3a21814679&amp;apos;
System info: host: &amp;apos;DESKTOP-JIL93TC&amp;apos;, ip: &amp;apos;192.168.1.15&amp;apos;, os.name: &amp;apos;Windows 10&amp;apos;, os.arch: &amp;apos;amd64&amp;apos;, os.version: &amp;apos;10.0&amp;apos;, java.version: &amp;apos;11.0.3&amp;apos;
Driver info: org.openqa.selenium.edge.EdgeDriver
Command: [632bb84763905e0c46b6c57e1bc75678, findElement {using=id, value=mat-checkbox-1-input}]
Capabilities {acceptInsecureCerts: false, browserName: msedge, browserVersion: 101.0.1210.53, javascriptEnabled: true, ms:edgeOptions: {debuggerAddress: localhost:50389}, msedge: {msedgedriverVersion: 101.0.1210.53 (019dbf6dd738..., userDataDir: C:\Users\yakov\AppData\Loca...}, networkConnectionEnabled: false, pageLoadStrategy: normal, platform: WINDOWS, platformName: WINDOWS, proxy: Proxy(), se:cdp: ws://localhost:50389/devtoo..., se:cdpVersion: 101.0.1210.53, setWindowRect: true, strictFileInteractability: false, timeouts: {implicit: 0, pageLoad: 300000, script: 30000}, unhandledPromptBehavior: dismiss and notify, webauthn:extension:credBlob: true, webauthn:extension:largeBlob: true, webauthn:virtualAuthenticators: true}
Session ID: 632bb84763905e0c46b6c57e1bc75678">
      <![CDATA[org.openqa.selenium.NoSuchElementException: no such element: Unable to locate element: {"method":"css selector","selector":"#mat\-checkbox\-1\-input"}
  (Session info: MicrosoftEdge=101.0.1210.53)
For documentation on this error, please visit: https://selenium.dev/exceptions/#no_such_element
Build info: version: '4.0.0', revision: '3a21814679'
System info: host: 'DESKTOP-JIL93TC', ip: '192.168.1.15', os.name: 'Windows 10', os.arch: 'amd64', os.version: '10.0', java.version: '11.0.3'
Driver info: org.openqa.selenium.edge.EdgeDriver
Command: [632bb84763905e0c46b6c57e1bc75678, findElement {using=id, value=mat-checkbox-1-input}]
Capabilities {acceptInsecureCerts: false, browserName: msedge, browserVersion: 101.0.1210.53, javascriptEnabled: true, ms:edgeOptions: {debuggerAddress: localhost:50389}, msedge: {msedgedriverVersion: 101.0.1210.53 (019dbf6dd738..., userDataDir: C:\Users\yakov\AppData\Loca...}, networkConnectionEnabled: false, pageLoadStrategy: normal, platform: WINDOWS, platformName: WINDOWS, proxy: Proxy(), se:cdp: ws://localhost:50389/devtoo..., se:cdpVersion: 101.0.1210.53, setWindowRect: true, strictFileInteractability: false, timeouts: {implicit: 0, pageLoad: 300000, script: 30000}, unhandledPromptBehavior: dismiss and notify, webauthn:extension:credBlob: true, webauthn:extension:largeBlob: true, webauthn:virtualAuthenticators: true}
Session ID: 632bb84763905e0c46b6c57e1bc75678
at org.openqa.selenium.remote.codec.w3c.W3CHttpResponseCodec.createException(W3CHttpResponseCodec.java:200)
at org.openqa.selenium.remote.codec.w3c.W3CHttpResponseCodec.decode(W3CHttpResponseCodec.java:133)
at org.openqa.selenium.remote.codec.w3c.W3CHttpResponseCodec.decode(W3CHttpResponseCodec.java:53)
at org.openqa.selenium.remote.HttpCommandExecutor.execute(HttpCommandExecutor.java:184)
at org.openqa.selenium.remote.service.DriverCommandExecutor.invokeExecute(DriverCommandExecutor.java:164)
at org.openqa.selenium.remote.service.DriverCommandExecutor.execute(DriverCommandExecutor.java:139)
at org.openqa.selenium.remote.RemoteWebDriver.execute(RemoteWebDriver.java:559)
at org.openqa.selenium.remote.ElementLocation$ElementFinder$2.findElement(ElementLocation.java:162)
at org.openqa.selenium.remote.ElementLocation.findElement(ElementLocation.java:60)
at org.openqa.selenium.remote.RemoteWebDriver.findElement(RemoteWebDriver.java:383)
at org.openqa.selenium.remote.RemoteWebDriver.findElement(RemoteWebDriver.java:375)
at tests.E2ETests.editPics(E2ETests.java:103)
at java.base/java.util.ArrayList.forEach(ArrayList.java:1540)
... Removed 31 stack frames]]>
    </failure>
  </testcase> <!-- editPics -->
  <testcase classname="tests.FormsTests" name="errorMessagesContactMeForm" time="5.64"/>
  <testcase classname="tests.FormsTests" name="errorMessagesLetTalkAboutItForm" time="6.967"/>
  <testcase classname="tests.FormsTests" name="errorMessagesOnFormSendEmail" time="6.384"/>
  <testcase classname="tests.FormsTests" name="followOrderFormErrorMessages" time="9.315"/>
  <testcase classname="tests.LinksTests" name="LinksTestsOnMenuAlbumTmonot" time="46.188">
    <failure type="java.lang.ArrayIndexOutOfBoundsException" message="Index 11 out of bounds for length 11">
      <![CDATA[java.lang.ArrayIndexOutOfBoundsException: Index 11 out of bounds for length 11
at tools.LinksFunctions.CheckingIfTheTestGotToTheRightURLs(LinksFunctions.java:23)
at tests.LinksTests.LinksTestsOnMenuAlbumTmonot(LinksTests.java:78)
at java.base/java.util.ArrayList.forEach(ArrayList.java:1540)
... Removed 27 stack frames]]>
    </failure>
  </testcase> <!-- LinksTestsOnMenuAlbumTmonot -->
  <testcase classname="tests.LinksTests" name="LinksTetsMenuBottomOfThePage" time="60.994"/>
  <testcase classname="tests.PriceTableTests" name="CheckingTheAmountOfPagesBasedOnAmountOfClicks" time="15.875"/>
  <testcase classname="tests.PriceTableTests" name="checkingTheInfoOfTheTable" time="12.298"/>
  <testcase classname="tests.UXTestsMainPage" name="UXTestLupaLogo" time="0.566"/>
  <testcase classname="tests.UXTestsMainPage" name="UXTestOn2LinksFontAndColor" time="0.703">
    <failure type="java.lang.ArrayIndexOutOfBoundsException" message="Index 4 out of bounds for length 4">
      <![CDATA[java.lang.ArrayIndexOutOfBoundsException: Index 4 out of bounds for length 4
at tools.UXFunctions.checkingFontAndColorOf2Links(UXFunctions.java:40)
at tests.UXTestsMainPage.UXTestOn2LinksFontAndColor(UXTestsMainPage.java:111)
at java.base/java.util.ArrayList.forEach(ArrayList.java:1540)
... Removed 27 stack frames]]>
    </failure>
  </testcase> <!-- UXTestOn2LinksFontAndColor -->
  <testcase classname="tests.UXTestsMainPage" name="UXTestOnDiscountAd" time="0.071"/>
</testsuite> <!-- TestEdge -->
