<?xml version="1.0" encoding="UTF-8"?>
<!-- Generated by org.testng.reporters.JUnitXMLReporter -->
<testsuite ignored="0" hostname="DESKTOP-JIL93TC" failures="2" tests="9" name="TestsOnEdge2" time="214.292" errors="0" timestamp="2022-06-14T17:47:04 IDT">
  <testcase classname="tests.AccountTests" name="CreatAcoountErrorMessages" time="7.763"/>
  <testcase classname="tests.AccountTests" name="CrudTestPersonalDetails" time="14.532"/>
  <testcase classname="tests.AccountTests" name="LogInwithFacebookToLupa" time="15.67"/>
  <testcase classname="tests.E2ETests" name="editPics" time="6.234"/>
  <testcase classname="tests.LinksTests" name="LinksTestsOnMenuAlbumTmonot" time="45.134">
    <failure type="java.lang.ArrayIndexOutOfBoundsException" message="Index 11 out of bounds for length 11">
      <![CDATA[java.lang.ArrayIndexOutOfBoundsException: Index 11 out of bounds for length 11
at tools.LinksFunctions.CheckingIfTheTestGotToTheRightURLs(LinksFunctions.java:26)
at tests.LinksTests.LinksTestsOnMenuAlbumTmonot(LinksTests.java:75)
at java.base/java.util.ArrayList.forEach(ArrayList.java:1540)
... Removed 27 stack frames]]>
    </failure>
  </testcase> <!-- LinksTestsOnMenuAlbumTmonot -->
  <testcase classname="tests.LinksTests" name="LinksTetsMenuBottomOfThePage" time="59.184"/>
  <testcase classname="tests.UXTestsMainPage" name="UXTestLupaLogo" time="0.571"/>
  <testcase classname="tests.UXTestsMainPage" name="UXTestOn2LinksFontAndColor" time="0.078">
    <failure type="java.lang.ArrayIndexOutOfBoundsException" message="Index 2 out of bounds for length 2">
      <![CDATA[java.lang.ArrayIndexOutOfBoundsException: Index 2 out of bounds for length 2
at tools.UXFunctions.checkingFontAndColorOf2Links(UXFunctions.java:40)
at tests.UXTestsMainPage.UXTestOn2LinksFontAndColor(UXTestsMainPage.java:112)
at java.base/java.util.ArrayList.forEach(ArrayList.java:1540)
... Removed 27 stack frames]]>
    </failure>
  </testcase> <!-- UXTestOn2LinksFontAndColor -->
  <testcase classname="tests.UXTestsMainPage" name="UXTestOnDiscountAd" time="0.076"/>
</testsuite> <!-- TestsOnEdge2 -->
