<?xml version="1.0" encoding="UTF-8"?>
<!-- Generated by org.testng.reporters.JUnitXMLReporter -->
<testsuite ignored="0" hostname="DESKTOP-JIL93TC" failures="0" tests="11" name="Test" time="56.405" errors="0" timestamp="2022-03-04T14:26:23 IST">
  <testcase classname="tests.Tests" name="@BeforeMethod beforeTest" time="3.463">
    <failure type="org.openqa.selenium.ElementNotInteractableException" message="element not interactable
  (Session info: chrome=98.0.4758.102)
Build info: version: &amp;apos;4.0.0&amp;apos;, revision: &amp;apos;3a21814679&amp;apos;
System info: host: &amp;apos;DESKTOP-JIL93TC&amp;apos;, ip: &amp;apos;192.168.1.15&amp;apos;, os.name: &amp;apos;Windows 10&amp;apos;, os.arch: &amp;apos;amd64&amp;apos;, os.version: &amp;apos;10.0&amp;apos;, java.version: &amp;apos;11.0.3&amp;apos;
Driver info: org.openqa.selenium.chrome.ChromeDriver
Command: [b995df7abba384f95e2836634455fb10, clickElement {id=d303bed8-7372-4702-8b10-b35b7d20abba}]
Capabilities {acceptInsecureCerts: false, browserName: chrome, browserVersion: 98.0.4758.102, chrome: {chromedriverVersion: 98.0.4758.80 (7f0488e8ba0d8..., userDataDir: C:\Users\yakov\AppData\Loca...}, goog:chromeOptions: {debuggerAddress: localhost:63461}, javascriptEnabled: true, networkConnectionEnabled: false, pageLoadStrategy: normal, platform: WINDOWS, platformName: WINDOWS, proxy: Proxy(), se:cdp: ws://localhost:63461/devtoo..., se:cdpVersion: 98.0.4758.102, setWindowRect: true, strictFileInteractability: false, timeouts: {implicit: 0, pageLoad: 300000, script: 30000}, unhandledPromptBehavior: dismiss and notify, webauthn:extension:credBlob: true, webauthn:extension:largeBlob: true, webauthn:virtualAuthenticators: true}
Element: [[ChromeDriver: chrome on WINDOWS (b995df7abba384f95e2836634455fb10)] -&amp;gt; xpath: //*[@id=&amp;apos;Layer_1&amp;apos;]]
Session ID: b995df7abba384f95e2836634455fb10">
      <![CDATA[org.openqa.selenium.ElementNotInteractableException: element not interactable
  (Session info: chrome=98.0.4758.102)
Build info: version: '4.0.0', revision: '3a21814679'
System info: host: 'DESKTOP-JIL93TC', ip: '192.168.1.15', os.name: 'Windows 10', os.arch: 'amd64', os.version: '10.0', java.version: '11.0.3'
Driver info: org.openqa.selenium.chrome.ChromeDriver
Command: [b995df7abba384f95e2836634455fb10, clickElement {id=d303bed8-7372-4702-8b10-b35b7d20abba}]
Capabilities {acceptInsecureCerts: false, browserName: chrome, browserVersion: 98.0.4758.102, chrome: {chromedriverVersion: 98.0.4758.80 (7f0488e8ba0d8..., userDataDir: C:\Users\yakov\AppData\Loca...}, goog:chromeOptions: {debuggerAddress: localhost:63461}, javascriptEnabled: true, networkConnectionEnabled: false, pageLoadStrategy: normal, platform: WINDOWS, platformName: WINDOWS, proxy: Proxy(), se:cdp: ws://localhost:63461/devtoo..., se:cdpVersion: 98.0.4758.102, setWindowRect: true, strictFileInteractability: false, timeouts: {implicit: 0, pageLoad: 300000, script: 30000}, unhandledPromptBehavior: dismiss and notify, webauthn:extension:credBlob: true, webauthn:extension:largeBlob: true, webauthn:virtualAuthenticators: true}
Element: [[ChromeDriver: chrome on WINDOWS (b995df7abba384f95e2836634455fb10)] -> xpath: //*[@id='Layer_1']]
Session ID: b995df7abba384f95e2836634455fb10
at org.openqa.selenium.remote.codec.w3c.W3CHttpResponseCodec.createException(W3CHttpResponseCodec.java:200)
at org.openqa.selenium.remote.codec.w3c.W3CHttpResponseCodec.decode(W3CHttpResponseCodec.java:133)
at org.openqa.selenium.remote.codec.w3c.W3CHttpResponseCodec.decode(W3CHttpResponseCodec.java:53)
at org.openqa.selenium.remote.HttpCommandExecutor.execute(HttpCommandExecutor.java:184)
at org.openqa.selenium.remote.service.DriverCommandExecutor.invokeExecute(DriverCommandExecutor.java:164)
at org.openqa.selenium.remote.service.DriverCommandExecutor.execute(DriverCommandExecutor.java:139)
at org.openqa.selenium.remote.RemoteWebDriver.execute(RemoteWebDriver.java:559)
at org.openqa.selenium.remote.RemoteWebElement.execute(RemoteWebElement.java:251)
at org.openqa.selenium.remote.RemoteWebElement.click(RemoteWebElement.java:77)
at tests.Tests.beforeTest(Tests.java:50)
at java.base/java.util.ArrayList.forEach(ArrayList.java:1540)
... Removed 35 stack frames]]>
    </failure>
  </testcase> <!-- @BeforeMethod beforeTest -->
  <testcase classname="tests.Tests" name="@AfterMethod afterTest" time="-1.64639678335E9">
    <skipped/>
  </testcase> <!-- @AfterMethod afterTest -->
  <testcase classname="tests.Tests" name="@BeforeMethod beforeTest" time="-1.64639678335E9">
    <skipped/>
  </testcase> <!-- @BeforeMethod beforeTest -->
  <testcase classname="tests.Tests" name="@AfterMethod afterTest" time="-1.646396783352E9">
    <skipped/>
  </testcase> <!-- @AfterMethod afterTest -->
  <testcase classname="tests.Tests" name="@BeforeMethod beforeTest" time="-1.646396783353E9">
    <skipped/>
  </testcase> <!-- @BeforeMethod beforeTest -->
  <testcase classname="tests.Tests" name="@AfterMethod afterTest" time="-1.646396783355E9">
    <skipped/>
  </testcase> <!-- @AfterMethod afterTest -->
  <testcase classname="tests.Tests" name="@BeforeMethod beforeTest" time="-1.646396783356E9">
    <skipped/>
  </testcase> <!-- @BeforeMethod beforeTest -->
  <testcase classname="tests.Tests" name="@AfterMethod afterTest" time="-1.646396783358E9">
    <skipped/>
  </testcase> <!-- @AfterMethod afterTest -->
  <testcase classname="tests.Tests" name="@BeforeMethod beforeTest" time="-1.646396783358E9">
    <skipped/>
  </testcase> <!-- @BeforeMethod beforeTest -->
  <testcase classname="tests.Tests" name="@AfterMethod afterTest" time="-1.64639678336E9">
    <skipped/>
  </testcase> <!-- @AfterMethod afterTest -->
  <testcase classname="tests.Tests" name="@BeforeMethod beforeTest" time="-1.646396783361E9">
    <skipped/>
  </testcase> <!-- @BeforeMethod beforeTest -->
  <testcase classname="tests.Tests" name="@AfterMethod afterTest" time="-1.646396783364E9">
    <skipped/>
  </testcase> <!-- @AfterMethod afterTest -->
  <testcase classname="tests.Tests" name="@BeforeMethod beforeTest" time="-1.646396783365E9">
    <skipped/>
  </testcase> <!-- @BeforeMethod beforeTest -->
  <testcase classname="tests.Tests" name="@AfterMethod afterTest" time="-1.646396783367E9">
    <skipped/>
  </testcase> <!-- @AfterMethod afterTest -->
  <testcase classname="tests.Tests" name="@BeforeMethod beforeTest" time="-1.646396783367E9">
    <skipped/>
  </testcase> <!-- @BeforeMethod beforeTest -->
  <testcase classname="tests.Tests" name="@AfterMethod afterTest" time="-1.64639678337E9">
    <skipped/>
  </testcase> <!-- @AfterMethod afterTest -->
  <testcase classname="tests.Tests" name="UXFontColorLinks" time="0.057"/>
  <testcase classname="tests.Tests" name="connectToFacebookThroughChat" time="8.688"/>
  <testcase classname="tests.Tests" name="cssValueDiscount" time="0.066"/>
  <testcase classname="tests.Tests" name="editPics" time="0.0">
    <skipped/>
  </testcase> <!-- editPics -->
  <testcase classname="tests.Tests" name="searchResults" time="0.0">
    <skipped/>
  </testcase> <!-- searchResults -->
  <testcase classname="tests.Tests" name="uxTest" time="0.0">
    <skipped/>
  </testcase> <!-- uxTest -->
  <testcase classname="tests.Tests" name="valuesInTable" time="0.0">
    <skipped/>
  </testcase> <!-- valuesInTable -->
  <testcase classname="tests.Tests" name="MenuTestAlbumTmonot" time="0.0">
    <skipped/>
  </testcase> <!-- MenuTestAlbumTmonot -->
  <testcase classname="tests.Tests" name="LikeButtons" time="0.0">
    <skipped/>
  </testcase> <!-- LikeButtons -->
  <testcase classname="tests.Tests" name="followOrderFailed" time="0.0">
    <skipped/>
  </testcase> <!-- followOrderFailed -->
  <testcase classname="tests.Tests" name="butiqSparimCatgorys" time="0.0">
    <skipped/>
  </testcase> <!-- butiqSparimCatgorys -->
</testsuite> <!-- Test -->
