<?xml version="1.0" encoding="UTF-8"?>
<!-- Generated by org.testng.reporters.JUnitXMLReporter -->
<testsuite ignored="0" hostname="DESKTOP-JIL93TC" failures="0" tests="11" name="TestFireFox" time="5.449" errors="0" timestamp="2022-03-04T14:31:51 IST">
  <testcase classname="tests.Tests" name="@BeforeMethod beforeTest" time="5.377">
    <failure type="org.openqa.selenium.ElementNotInteractableException" message="Element &amp;lt;svg id=&amp;quot;Layer_1&amp;quot; class=&amp;quot;inner-element&amp;quot;&amp;gt; could not be scrolled into view
Build info: version: &amp;apos;4.0.0&amp;apos;, revision: &amp;apos;3a21814679&amp;apos;
System info: host: &amp;apos;DESKTOP-JIL93TC&amp;apos;, ip: &amp;apos;192.168.1.15&amp;apos;, os.name: &amp;apos;Windows 10&amp;apos;, os.arch: &amp;apos;amd64&amp;apos;, os.version: &amp;apos;10.0&amp;apos;, java.version: &amp;apos;11.0.3&amp;apos;
Driver info: org.openqa.selenium.firefox.FirefoxDriver
Command: [ee7d7958-e7f7-47e8-a3b1-32baec6861ad, clickElement {id=62e375e7-7099-4af0-816b-a96d2b9aa5cf}]
Capabilities {acceptInsecureCerts: true, browserName: firefox, browserVersion: 96.0, javascriptEnabled: true, moz:accessibilityChecks: false, moz:buildID: 20220106144528, moz:debuggerAddress: localhost:51501, moz:geckodriverVersion: 0.30.0, moz:headless: false, moz:processID: 2968, moz:profile: C:\Users\yakov\AppData\Loca..., moz:shutdownTimeout: 60000, moz:useNonSpecCompliantPointerOrigin: false, moz:webdriverClick: true, pageLoadStrategy: normal, platform: WINDOWS, platformName: WINDOWS, platformVersion: 10.0, proxy: Proxy(), se:cdp: ws://localhost:51501/devtoo..., se:cdpVersion: 85, setWindowRect: true, strictFileInteractability: false, timeouts: {implicit: 0, pageLoad: 300000, script: 30000}, unhandledPromptBehavior: dismiss and notify}
Element: [[FirefoxDriver: firefox on WINDOWS (ee7d7958-e7f7-47e8-a3b1-32baec6861ad)] -&amp;gt; xpath: //*[@id=&amp;apos;Layer_1&amp;apos;]]
Session ID: ee7d7958-e7f7-47e8-a3b1-32baec6861ad">
      <![CDATA[org.openqa.selenium.ElementNotInteractableException: Element <svg id="Layer_1" class="inner-element"> could not be scrolled into view
Build info: version: '4.0.0', revision: '3a21814679'
System info: host: 'DESKTOP-JIL93TC', ip: '192.168.1.15', os.name: 'Windows 10', os.arch: 'amd64', os.version: '10.0', java.version: '11.0.3'
Driver info: org.openqa.selenium.firefox.FirefoxDriver
Command: [ee7d7958-e7f7-47e8-a3b1-32baec6861ad, clickElement {id=62e375e7-7099-4af0-816b-a96d2b9aa5cf}]
Capabilities {acceptInsecureCerts: true, browserName: firefox, browserVersion: 96.0, javascriptEnabled: true, moz:accessibilityChecks: false, moz:buildID: 20220106144528, moz:debuggerAddress: localhost:51501, moz:geckodriverVersion: 0.30.0, moz:headless: false, moz:processID: 2968, moz:profile: C:\Users\yakov\AppData\Loca..., moz:shutdownTimeout: 60000, moz:useNonSpecCompliantPointerOrigin: false, moz:webdriverClick: true, pageLoadStrategy: normal, platform: WINDOWS, platformName: WINDOWS, platformVersion: 10.0, proxy: Proxy(), se:cdp: ws://localhost:51501/devtoo..., se:cdpVersion: 85, setWindowRect: true, strictFileInteractability: false, timeouts: {implicit: 0, pageLoad: 300000, script: 30000}, unhandledPromptBehavior: dismiss and notify}
Element: [[FirefoxDriver: firefox on WINDOWS (ee7d7958-e7f7-47e8-a3b1-32baec6861ad)] -> xpath: //*[@id='Layer_1']]
Session ID: ee7d7958-e7f7-47e8-a3b1-32baec6861ad
at org.openqa.selenium.remote.codec.w3c.W3CHttpResponseCodec.createException(W3CHttpResponseCodec.java:200)
at org.openqa.selenium.remote.codec.w3c.W3CHttpResponseCodec.decode(W3CHttpResponseCodec.java:133)
at org.openqa.selenium.remote.codec.w3c.W3CHttpResponseCodec.decode(W3CHttpResponseCodec.java:53)
at org.openqa.selenium.remote.HttpCommandExecutor.execute(HttpCommandExecutor.java:184)
at org.openqa.selenium.remote.service.DriverCommandExecutor.invokeExecute(DriverCommandExecutor.java:164)
at org.openqa.selenium.remote.service.DriverCommandExecutor.execute(DriverCommandExecutor.java:139)
at org.openqa.selenium.remote.RemoteWebDriver.execute(RemoteWebDriver.java:559)
at org.openqa.selenium.remote.RemoteWebElement.execute(RemoteWebElement.java:251)
at org.openqa.selenium.remote.RemoteWebElement.click(RemoteWebElement.java:77)
at tests.Tests.beforeTest(Tests.java:50)
at java.base/java.util.ArrayList.forEach(ArrayList.java:1540)
... Removed 35 stack frames]]>
    </failure>
  </testcase> <!-- @BeforeMethod beforeTest -->
  <testcase classname="tests.Tests" name="@AfterMethod afterTest" time="-1.646397111052E9">
    <skipped/>
  </testcase> <!-- @AfterMethod afterTest -->
  <testcase classname="tests.Tests" name="@BeforeMethod beforeTest" time="-1.646397111054E9">
    <skipped/>
  </testcase> <!-- @BeforeMethod beforeTest -->
  <testcase classname="tests.Tests" name="@AfterMethod afterTest" time="-1.646397111056E9">
    <skipped/>
  </testcase> <!-- @AfterMethod afterTest -->
  <testcase classname="tests.Tests" name="@BeforeMethod beforeTest" time="-1.646397111057E9">
    <skipped/>
  </testcase> <!-- @BeforeMethod beforeTest -->
  <testcase classname="tests.Tests" name="@AfterMethod afterTest" time="-1.646397111067E9">
    <skipped/>
  </testcase> <!-- @AfterMethod afterTest -->
  <testcase classname="tests.Tests" name="@BeforeMethod beforeTest" time="-1.646397111067E9">
    <skipped/>
  </testcase> <!-- @BeforeMethod beforeTest -->
  <testcase classname="tests.Tests" name="@AfterMethod afterTest" time="-1.64639711107E9">
    <skipped/>
  </testcase> <!-- @AfterMethod afterTest -->
  <testcase classname="tests.Tests" name="@BeforeMethod beforeTest" time="-1.646397111071E9">
    <skipped/>
  </testcase> <!-- @BeforeMethod beforeTest -->
  <testcase classname="tests.Tests" name="@AfterMethod afterTest" time="-1.646397111074E9">
    <skipped/>
  </testcase> <!-- @AfterMethod afterTest -->
  <testcase classname="tests.Tests" name="@BeforeMethod beforeTest" time="-1.646397111075E9">
    <skipped/>
  </testcase> <!-- @BeforeMethod beforeTest -->
  <testcase classname="tests.Tests" name="@AfterMethod afterTest" time="-1.646397111077E9">
    <skipped/>
  </testcase> <!-- @AfterMethod afterTest -->
  <testcase classname="tests.Tests" name="@BeforeMethod beforeTest" time="-1.646397111078E9">
    <skipped/>
  </testcase> <!-- @BeforeMethod beforeTest -->
  <testcase classname="tests.Tests" name="@AfterMethod afterTest" time="-1.646397111081E9">
    <skipped/>
  </testcase> <!-- @AfterMethod afterTest -->
  <testcase classname="tests.Tests" name="@BeforeMethod beforeTest" time="-1.646397111082E9">
    <skipped/>
  </testcase> <!-- @BeforeMethod beforeTest -->
  <testcase classname="tests.Tests" name="@AfterMethod afterTest" time="-1.646397111084E9">
    <skipped/>
  </testcase> <!-- @AfterMethod afterTest -->
  <testcase classname="tests.Tests" name="@BeforeMethod beforeTest" time="-1.646397111085E9">
    <skipped/>
  </testcase> <!-- @BeforeMethod beforeTest -->
  <testcase classname="tests.Tests" name="@AfterMethod afterTest" time="-1.646397111087E9">
    <skipped/>
  </testcase> <!-- @AfterMethod afterTest -->
  <testcase classname="tests.Tests" name="@BeforeMethod beforeTest" time="-1.646397111088E9">
    <skipped/>
  </testcase> <!-- @BeforeMethod beforeTest -->
  <testcase classname="tests.Tests" name="@AfterMethod afterTest" time="-1.64639711109E9">
    <skipped/>
  </testcase> <!-- @AfterMethod afterTest -->
  <testcase classname="tests.Tests" name="@BeforeMethod beforeTest" time="-1.646397111091E9">
    <skipped/>
  </testcase> <!-- @BeforeMethod beforeTest -->
  <testcase classname="tests.Tests" name="@AfterMethod afterTest" time="-1.646397111093E9">
    <skipped/>
  </testcase> <!-- @AfterMethod afterTest -->
  <testcase classname="tests.Tests" name="UXFontColorLinks" time="0.0">
    <skipped/>
  </testcase> <!-- UXFontColorLinks -->
  <testcase classname="tests.Tests" name="connectToFacebookThroughChat" time="0.0">
    <skipped/>
  </testcase> <!-- connectToFacebookThroughChat -->
  <testcase classname="tests.Tests" name="cssValueDiscount" time="0.0">
    <skipped/>
  </testcase> <!-- cssValueDiscount -->
  <testcase classname="tests.Tests" name="editPics" time="0.0">
    <skipped/>
  </testcase> <!-- editPics -->
  <testcase classname="tests.Tests" name="searchResults" time="0.0">
    <skipped/>
  </testcase> <!-- searchResults -->
  <testcase classname="tests.Tests" name="uxTest" time="0.0">
    <skipped/>
  </testcase> <!-- uxTest -->
  <testcase classname="tests.Tests" name="valuesInTable" time="0.0">
    <skipped/>
  </testcase> <!-- valuesInTable -->
  <testcase classname="tests.Tests" name="MenuTestAlbumTmonot" time="0.0">
    <skipped/>
  </testcase> <!-- MenuTestAlbumTmonot -->
  <testcase classname="tests.Tests" name="LikeButtons" time="0.0">
    <skipped/>
  </testcase> <!-- LikeButtons -->
  <testcase classname="tests.Tests" name="followOrderFailed" time="0.0">
    <skipped/>
  </testcase> <!-- followOrderFailed -->
  <testcase classname="tests.Tests" name="butiqSparimCatgorys" time="0.0">
    <skipped/>
  </testcase> <!-- butiqSparimCatgorys -->
</testsuite> <!-- TestFireFox -->
